TN:
SF:app.js
FN:14,(anonymous_0)
FN:23,(anonymous_1)
FNF:2
FNH:2
FNDA:1,(anonymous_0)
FNDA:1,(anonymous_1)
DA:1,5
DA:2,5
DA:4,5
DA:5,5
DA:6,5
DA:7,5
DA:9,5
DA:11,5
DA:12,5
DA:14,5
DA:15,1
DA:18,5
DA:19,5
DA:20,5
DA:21,5
DA:23,5
DA:24,1
DA:27,5
LF:18
LH:18
BRF:0
BRH:0
end_of_record
TN:
SF:db\database.js
FN:61,seed
FNF:1
FNH:1
FNDA:5,seed
DA:1,5
DA:2,5
DA:3,5
DA:5,5
DA:6,5
DA:7,5
DA:9,5
DA:10,5
DA:12,5
DA:62,5
DA:63,5
DA:64,5
DA:67,5
DA:68,5
DA:69,5
DA:70,5
DA:71,5
DA:74,5
DA:75,5
DA:76,5
DA:80,5
DA:81,5
DA:82,5
DA:83,5
DA:84,5
DA:85,5
DA:86,5
DA:89,5
DA:90,5
DA:91,5
DA:95,5
DA:96,5
DA:97,5
DA:98,5
DA:99,5
DA:102,5
DA:103,5
DA:104,5
DA:108,5
DA:109,5
DA:110,5
DA:111,5
DA:112,5
DA:116,5
DA:118,5
LF:45
LH:45
BRDA:6,0,0,5
BRDA:6,0,1,0
BRDA:63,1,0,5
BRDA:63,1,1,0
BRDA:75,2,0,5
BRDA:75,2,1,0
BRDA:90,3,0,5
BRDA:90,3,1,0
BRDA:103,4,0,5
BRDA:103,4,1,0
BRF:10
BRH:5
end_of_record
TN:
SF:routes\activities.js
FN:6,(anonymous_0)
FN:13,(anonymous_1)
FNF:2
FNH:2
FNDA:2,(anonymous_0)
FNDA:2,(anonymous_1)
DA:1,5
DA:2,5
DA:4,5
DA:6,5
DA:7,2
DA:10,2
DA:13,5
DA:14,2
DA:15,2
DA:16,1
DA:19,5
LF:11
LH:11
BRDA:15,0,0,1
BRDA:15,0,1,1
BRF:2
BRH:2
end_of_record
TN:
SF:routes\auth.js
FN:9,(anonymous_0)
FN:23,(anonymous_1)
FN:40,(anonymous_2)
FN:56,(anonymous_3)
FN:82,(anonymous_4)
FN:86,(anonymous_5)
FNF:6
FNH:6
FNDA:7,(anonymous_0)
FNDA:4,(anonymous_1)
FNDA:2,(anonymous_2)
FNDA:6,(anonymous_3)
FNDA:1,(anonymous_4)
FNDA:1,(anonymous_5)
DA:1,5
DA:2,5
DA:3,5
DA:4,5
DA:6,5
DA:7,5
DA:9,5
DA:10,7
DA:11,7
DA:12,3
DA:14,4
DA:15,4
DA:16,4
DA:17,3
DA:19,1
DA:23,5
DA:24,4
DA:25,4
DA:27,4
DA:28,1
DA:30,3
DA:31,1
DA:34,2
DA:35,2
DA:36,1
DA:39,1
DA:40,2
DA:42,1
DA:46,1
DA:47,1
DA:49,1
DA:51,0
DA:52,0
DA:56,5
DA:57,6
DA:58,6
DA:60,6
DA:61,1
DA:64,5
DA:65,5
DA:66,1
DA:69,4
DA:70,4
DA:71,1
DA:74,3
DA:75,3
DA:77,0
DA:78,0
DA:82,5
DA:83,1
DA:86,5
DA:87,1
DA:90,1
DA:91,1
DA:94,5
LF:55
LH:51
BRDA:7,0,0,5
BRDA:7,0,1,5
BRDA:11,1,0,3
BRDA:11,1,1,4
BRDA:11,2,0,7
BRDA:11,2,1,5
BRDA:27,3,0,1
BRDA:27,3,1,3
BRDA:27,4,0,4
BRDA:27,4,1,4
BRDA:27,4,2,3
BRDA:30,5,0,1
BRDA:30,5,1,2
BRDA:35,6,0,1
BRDA:35,6,1,1
BRDA:60,7,0,1
BRDA:60,7,1,5
BRDA:60,8,0,6
BRDA:60,8,1,6
BRDA:65,9,0,1
BRDA:65,9,1,4
BRDA:70,10,0,1
BRDA:70,10,1,3
BRDA:90,11,0,0
BRDA:90,11,1,1
BRF:25
BRH:24
end_of_record
TN:
SF:routes\testimonials.js
FN:6,(anonymous_0)
FNF:1
FNH:1
FNDA:2,(anonymous_0)
DA:1,5
DA:2,5
DA:4,5
DA:6,5
DA:7,2
DA:10,2
DA:13,5
LF:7
LH:7
BRF:0
BRH:0
end_of_record
TN:
SF:routes\trips.js
FN:7,(anonymous_0)
FN:24,(anonymous_1)
FN:30,(anonymous_2)
FNF:3
FNH:3
FNDA:4,(anonymous_0)
FNDA:2,(anonymous_1)
FNDA:2,(anonymous_2)
DA:1,5
DA:2,5
DA:3,5
DA:5,5
DA:7,5
DA:8,4
DA:9,4
DA:10,4
DA:12,4
DA:13,2
DA:14,2
DA:17,4
DA:18,4
DA:20,4
DA:21,4
DA:24,5
DA:25,2
DA:26,2
DA:27,1
DA:30,5
DA:31,2
DA:32,2
DA:33,1
DA:35,1
DA:36,1
DA:39,5
LF:26
LH:26
BRDA:8,0,0,3
BRDA:12,1,0,2
BRDA:12,1,1,2
BRDA:26,2,0,1
BRDA:26,2,1,1
BRDA:32,3,0,1
BRDA:32,3,1,1
BRDA:33,4,0,0
BRDA:33,4,1,1
BRF:9
BRH:8
end_of_record
